Request method:	GET
Request URI:	https://postman-echo.com/get
Proxy:			<none>
Request params:	<none>
Query params:	<none>
Form params:	<none>
Path params:	<none>
Headers:		Accept=*/*
Cookies:		<none>
Multiparts:		<none>
Body:			<none>
HTTP/1.1 200 OK
Date: Thu, 11 May 2023 09:56:48 GMT
Content-Type: application/json; charset=utf-8
Content-Length: 363
Connection: keep-alive
ETag: W/"16b-bZkZCTPIymTzU/y9n4oZB0mSrAo"
set-cookie: sails.sid=s%3AuV3ojiqBqcoBIpx4iX0t_2lsn9D8rEi5.c568%2BTSFDu5bokSksAuexNSQxWDl%2FfWnlWneRQzRvbg; Path=/; HttpOnly

{
    "args": {
        
    },
    "headers": {
        "x-forwarded-proto": "https",
        "x-forwarded-port": "443",
        "host": "postman-echo.com",
        "x-amzn-trace-id": "Root=1-645cbbe0-0757da05644afb5e6cbc0626",
        "accept": "*/*",
        "user-agent": "Apache-HttpClient/4.5.13 (Java/1.8.0_332)",
        "accept-encoding": "gzip,deflate"
    },
    "url": "https://postman-echo.com/get"
}
